生成启动时间为 2016/5/10 9:45:41。
     1>项目“I:\VS2013工程文件\MyDriver4\MyDriver4\MyDriver4.vcxproj”在节点 2 上(Build 个目标)。
     1>ClCompile:
         I:\Microsoft Visual stdio 2013\VC\bin\x86_amd64\CL.exe /c /Ix64\Win7Debug\ /Zi /nologo /W4 /WX /Od /Oi /Oy- /D _WIN64 /D _AMD64_ /D AMD64 /D DEPRECATE_DDK_FUNCTIONS=1 /D MSC_NOOPT /D _WIN32_WINNT=0x0601 /D WINVER=0x0601 /D WINNT=1 /D NTDDI_VERSION=0x06010000 /D DBG=1 /GF /Gm- /Zp8 /GS /Gy /fp:precise /Zc:wchar_t- /Zc:forScope- /GR- /Fo"x64\Win7Debug\\" /Fd"x64\Win7Debug\vc120.pdb" /Gz /wd4748 /wd4603 /wd4627 /wd4986 /wd4987 /wd4996 /FII:\WDK\Include\Shared\warning.h /errorReport:prompt /kernel -cbstring -d2epilogunwind /d1import_no_registry /d2AllowCompatibleILVersions /d2Zi+ "源.c"
         源.c
     1>源.c(32): error C4235: 使用了非标准扩展: 不支持在此结构上使用“_asm”关键字
     1>源.c(34): error C2065: “push”: 未声明的标识符
     1>源.c(34): error C2146: 语法错误: 缺少“;”(在标识符“eax”的前面)
     1>源.c(35): error C2065: “eax”: 未声明的标识符
     1>源.c(35): error C2143: 语法错误 : 缺少“;”(在“}”的前面)
     1>已完成生成项目“I:\VS2013工程文件\MyDriver4\MyDriver4\MyDriver4.vcxproj”(Build 个目标)的操作 - 失败。

生成失败。

已用时间 00:00:00.31
